2026-04-15 15:01:52 [info]: 🚀 Server listening on port 5000
2026-04-15 15:02:13 [debug]: Fetched courses with query:
2026-04-15 15:04:59 [info]: 🚀 Server listening on port 5000
2026-04-15 15:05:02 [debug]: Fetched courses with query:
2026-04-15 15:06:05 [info]: 🚀 Server listening on port 5000
2026-04-15 15:06:08 [debug]: Fetched courses with query:
2026-04-15 15:15:52 [info]: 🚀 Server listening on port 5000
2026-04-15 15:16:04 [info]: 🚀 Server listening on port 5000
2026-04-15 15:16:36 [info]: 🚀 Server listening on port 5000
2026-04-15 15:16:41 [info]: 🚀 Server listening on port 5000
2026-04-15 15:16:45 [info]: 🚀 Server listening on port 5000
2026-04-15 15:16:45 [info]: 🚀 Redis connected successfully
2026-04-15 15:17:02 [info]: 🚀 Server listening on port 5000
2026-04-15 15:17:02 [info]: 🚀 Redis connected successfully
2026-04-15 15:17:40 [info]: 🚀 Server listening on port 5000
2026-04-15 15:17:40 [info]: 🚀 Redis connected successfully
2026-04-15 15:18:08 [info]: 🚀 Server listening on port 5000
2026-04-15 15:18:08 [info]: 🚀 Redis connected successfully
2026-04-15 15:18:11 [info]: 🚀 Server listening on port 5000
2026-04-15 15:18:11 [info]: 🚀 Redis connected successfully
2026-04-15 15:18:16 [info]: 🚀 Server listening on port 5000
2026-04-15 15:18:16 [info]: 🚀 Redis connected successfully
2026-04-15 15:19:27 [debug]: Fetched courses with query:
2026-04-15 15:19:33 [debug]: Fetched courses with query:
2026-04-15 15:19:34 [debug]: Fetched courses with query:
2026-04-15 15:19:34 [debug]: Fetched courses with query:
2026-04-15 15:19:34 [debug]: Fetched courses with query:
2026-04-15 15:19:35 [debug]: Fetched courses with query:
2026-04-15 15:19:35 [debug]: Fetched courses with query:
2026-04-15 15:19:35 [debug]: Fetched courses with query:
2026-04-15 15:19:35 [debug]: Fetched courses with query:
2026-04-15 15:19:35 [debug]: Fetched courses with query:
2026-04-15 15:19:36 [debug]: Fetched courses with query:
2026-04-15 15:19:36 [debug]: Fetched courses with query:
2026-04-15 15:19:36 [debug]: Fetched courses with query:
2026-04-15 15:19:37 [debug]: Fetched courses with query:
2026-04-15 15:19:37 [debug]: Fetched courses with query:
2026-04-15 15:19:38 [debug]: Fetched courses with query:
2026-04-15 15:19:38 [debug]: Fetched courses with query:
2026-04-15 15:25:46 [info]: 🚀 Server listening on port 5000
2026-04-15 15:25:46 [info]: 🚀 Redis connected successfully
2026-04-15 15:25:48 [info]: 🚀 Server listening on port 5000
2026-04-15 15:25:48 [info]: 🚀 Redis connected successfully
2026-04-15 15:25:58 [info]: 🚀 Server listening on port 5000
2026-04-15 15:25:58 [info]: 🚀 Redis connected successfully
2026-04-15 15:26:01 [info]: 🚀 Server listening on port 5000
2026-04-15 15:26:01 [info]: 🚀 Redis connected successfully
2026-04-15 15:26:04 [info]: 🚀 Server listening on port 5000
2026-04-15 15:26:04 [info]: 🚀 Redis connected successfully
2026-04-15 15:26:10 [info]: 🚀 Server listening on port 5000
2026-04-15 15:26:10 [info]: 🚀 Redis connected successfully
2026-04-15 15:26:12 [info]: 🚀 Server listening on port 5000
2026-04-15 15:26:12 [info]: 🚀 Redis connected successfully
2026-04-15 15:26:13 [info]: 🚀 Server listening on port 5000
2026-04-15 15:26:13 [info]: 🚀 Redis connected successfully
2026-04-15 15:26:15 [info]: 🚀 Server listening on port 5000
2026-04-15 15:26:15 [info]: 🚀 Redis connected successfully
2026-04-15 15:27:41 [debug]: Fetched courses with query:
2026-04-15 15:27:43 [debug]: Fetched courses with query:
2026-04-15 15:28:03 [debug]: Fetched courses with query:
2026-04-15 15:28:03 [debug]: Fetched courses with query:
2026-04-15 15:28:03 [debug]: Fetched courses with query:
2026-04-15 15:28:04 [debug]: Fetched courses with query:
2026-04-15 15:28:05 [debug]: Fetched courses with query:
2026-04-15 15:28:05 [debug]: Fetched courses with query:
2026-04-15 15:28:05 [debug]: Fetched courses with query:
2026-04-15 15:28:06 [debug]: Fetched courses with query:
2026-04-15 15:28:06 [debug]: Fetched courses with query:
2026-04-15 15:28:06 [debug]: Fetched courses with query:
2026-04-15 15:29:34 [info]: 🚀 Server listening on port 5000
2026-04-15 15:29:34 [info]: 🚀 Redis connected successfully
2026-04-15 15:30:11 [info]: 🚀 Server listening on port 5000
2026-04-15 15:30:11 [info]: 🚀 Redis connected successfully
2026-04-15 15:30:59 [debug]: Fetched courses with query:
2026-04-15 15:31:00 [debug]: Fetched courses with query:
2026-04-15 15:31:18 [debug]: Fetched courses with query:
2026-04-15 15:31:30 [info]: 🚀 Server listening on port 5000
2026-04-15 15:31:31 [info]: 🚀 Redis connected successfully
2026-04-15 15:31:31 [error]: ReplyError: ERR Only 0th database is supported! Selected DB: 22
    at parseError (/media/alauddin/Work_Drive1/projects/course/backend/node_modules/.pnpm/redis-parser@3.0.0/node_modules/redis-parser/lib/parser.js:179:12)
    at parseType (/media/alauddin/Work_Drive1/projects/course/backend/node_modules/.pnpm/redis-parser@3.0.0/node_modules/redis-parser/lib/parser.js:302:14)
2026-04-15 15:31:55 [info]: 🚀 Server listening on port 5000
2026-04-15 15:31:55 [info]: 🚀 Redis connected successfully
2026-04-15 15:32:05 [debug]: Fetched courses with query:
2026-04-15 15:32:07 [debug]: Fetched courses with query:
2026-04-15 15:32:21 [debug]: Fetched courses with query:
2026-04-15 15:32:22 [debug]: Fetched courses with query:
2026-04-15 15:32:22 [debug]: Fetched courses with query:
2026-04-15 15:32:23 [debug]: Fetched courses with query:
2026-04-15 15:32:24 [debug]: Fetched courses with query:
2026-04-15 15:32:24 [debug]: Fetched courses with query:
2026-04-15 15:32:25 [debug]: Fetched courses with query:
2026-04-15 15:33:38 [info]: 🚀 Server listening on port 5000
2026-04-15 15:33:38 [info]: 🚀 Redis connected successfully
2026-04-15 15:33:45 [info]: 🚀 Server listening on port 5000
2026-04-15 15:33:45 [info]: 🚀 Redis connected successfully
